2024-06-08T17:17:07  chore: bump dev tooling
2024-06-29T12:34:14  docs: expand examples
2024-07-27T19:51:21  test: strengthen coverage
2024-08-25T14:08:28  chore: tune defaults
2024-09-22T09:25:35  refactor: simplify helper
2024-10-21T16:42:42  chore: routine maintenance
2024-10-25T11:59:49  docs: clarify usage notes
2024-11-23T18:16:56  test: add edge case
2024-12-21T13:33:03  refactor: tidy internals
2025-01-19T08:50:10  fix: handle empty input gracefully
2025-02-16T15:07:17  perf: micro-optimization
2025-03-17T10:24:24  style: formatting
2025-03-21T17:41:31  chore: bump dev tooling
2025-04-19T12:58:38  docs: expand examples
2025-05-17T19:15:45  test: strengthen coverage
2025-06-15T14:32:52  chore: tune defaults
2025-07-13T09:49:59  refactor: simplify helper
2025-08-10T16:06:06  chore: routine maintenance
2025-09-01T11:23:13  docs: clarify usage notes
2025-09-29T18:40:20  test: add edge case
2025-10-04T13:57:27  refactor: tidy internals
2025-11-01T08:14:34  fix: handle empty input gracefully
2025-11-30T15:31:41  perf: micro-optimization
2025-12-28T10:48:48  style: formatting
2026-01-26T17:05:55  chore: bump dev tooling
2026-02-23T12:22:02  docs: expand examples
2026-02-28T19:39:09  test: strengthen coverage
